2025-12-28 00:26:11,298 | INFO | login | --------------------虾皮全托503-juyule ------------------------ 开始登录...
2025-12-28 00:26:11,298 | INFO | login | 虾皮全托503-juyule - 第 1 次登录尝试
2025-12-28 00:26:12,851 | INFO | login | 虾皮全托503-juyule - start_api 返回: {'code': -10007, 'msg': 'Chrome[131]内核不存在(Chrome[131]Core does not exist)', 'data': {'errMessage': 'Chrome[131]内核不存在(Chrome[131]Core does not exist)', 'statusCode': '-10007', 'err': 'Chrome[131]内核不存在(Chrome[131]Core does not exist)', 'action': 'startBrowserByCode'}}
2025-12-28 00:26:12,851 | ERROR | login | 虾皮全托503-juyule - 启动失败: Chrome[131]内核不存在(Chrome[131]Core does not exist)
2025-12-28 00:26:12,852 | ERROR | login | 虾皮全托503-juyule - 第 1 次失败: start_browser 失败
Traceback (most recent call last):
  File "E:\Company_Project\Shopee\modules\login.py", line 175, in run
    result = await self.run_once()
  File "E:\Company_Project\Shopee\modules\login.py", line 155, in run_once
    raise Exception("start_browser 失败")
Exception: start_browser 失败
2025-12-28 00:26:13,552 | INFO | login | 虾皮全托503-juyule - 准备重试，等待 3 秒...
2025-12-28 00:26:16,566 | INFO | login | 虾皮全托503-juyule - 第 2 次登录尝试
2025-12-28 00:26:17,507 | INFO | login | 虾皮全托503-juyule - start_api 返回: {'code': -10007, 'msg': 'Chrome[131]内核不存在(Chrome[131]Core does not exist)', 'data': {'errMessage': 'Chrome[131]内核不存在(Chrome[131]Core does not exist)', 'statusCode': '-10007', 'err': 'Chrome[131]内核不存在(Chrome[131]Core does not exist)', 'action': 'startBrowserByCode'}}
2025-12-28 00:26:17,508 | ERROR | login | 虾皮全托503-juyule - 启动失败: Chrome[131]内核不存在(Chrome[131]Core does not exist)
2025-12-28 00:26:17,508 | ERROR | login | 虾皮全托503-juyule - 第 2 次失败: start_browser 失败
Traceback (most recent call last):
  File "E:\Company_Project\Shopee\modules\login.py", line 175, in run
    result = await self.run_once()
  File "E:\Company_Project\Shopee\modules\login.py", line 155, in run_once
    raise Exception("start_browser 失败")
Exception: start_browser 失败
2025-12-28 00:26:17,991 | INFO | login | 虾皮全托503-juyule - 准备重试，等待 3 秒...
2025-12-28 00:26:44,608 | INFO | login | --------------------虾皮全托503-juyule ------------------------ 开始登录...
2025-12-28 00:26:44,608 | INFO | login | 虾皮全托503-juyule - 第 1 次登录尝试
2025-12-28 00:26:45,662 | INFO | login | 虾皮全托503-juyule - start_api 返回: {'code': -10007, 'msg': 'Chrome[131]内核不存在(Chrome[131]Core does not exist)', 'data': {'errMessage': 'Chrome[131]内核不存在(Chrome[131]Core does not exist)', 'statusCode': '-10007', 'err': 'Chrome[131]内核不存在(Chrome[131]Core does not exist)', 'action': 'startBrowserByCode'}}
2025-12-28 00:26:45,663 | ERROR | login | 虾皮全托503-juyule - 启动失败: Chrome[131]内核不存在(Chrome[131]Core does not exist)
2025-12-28 00:26:45,663 | ERROR | login | 虾皮全托503-juyule - 第 1 次失败: start_browser 失败
Traceback (most recent call last):
  File "E:\Company_Project\Shopee\modules\login.py", line 175, in run
    result = await self.run_once()
  File "E:\Company_Project\Shopee\modules\login.py", line 155, in run_once
    raise Exception("start_browser 失败")
Exception: start_browser 失败
2025-12-28 00:26:46,297 | INFO | login | 虾皮全托503-juyule - 准备重试，等待 3 秒...
2025-12-28 00:26:49,299 | INFO | login | 虾皮全托503-juyule - 第 2 次登录尝试
2025-12-28 00:26:50,325 | INFO | login | 虾皮全托503-juyule - start_api 返回: {'code': -10007, 'msg': 'Chrome[131]内核不存在(Chrome[131]Core does not exist)', 'data': {'errMessage': 'Chrome[131]内核不存在(Chrome[131]Core does not exist)', 'statusCode': '-10007', 'err': 'Chrome[131]内核不存在(Chrome[131]Core does not exist)', 'action': 'startBrowserByCode'}}
2025-12-28 00:26:50,325 | ERROR | login | 虾皮全托503-juyule - 启动失败: Chrome[131]内核不存在(Chrome[131]Core does not exist)
2025-12-28 00:26:50,326 | ERROR | login | 虾皮全托503-juyule - 第 2 次失败: start_browser 失败
Traceback (most recent call last):
  File "E:\Company_Project\Shopee\modules\login.py", line 175, in run
    result = await self.run_once()
  File "E:\Company_Project\Shopee\modules\login.py", line 155, in run_once
    raise Exception("start_browser 失败")
Exception: start_browser 失败
2025-12-28 00:26:50,727 | INFO | login | 虾皮全托503-juyule - 准备重试，等待 3 秒...
2025-12-28 00:26:53,741 | INFO | login | 虾皮全托503-juyule - 第 3 次登录尝试
2025-12-28 00:26:54,705 | INFO | login | 虾皮全托503-juyule - start_api 返回: {'code': -10007, 'msg': 'Chrome[131]内核不存在(Chrome[131]Core does not exist)', 'data': {'errMessage': 'Chrome[131]内核不存在(Chrome[131]Core does not exist)', 'statusCode': '-10007', 'err': 'Chrome[131]内核不存在(Chrome[131]Core does not exist)', 'action': 'startBrowserByCode'}}
2025-12-28 00:26:54,706 | ERROR | login | 虾皮全托503-juyule - 启动失败: Chrome[131]内核不存在(Chrome[131]Core does not exist)
2025-12-28 00:26:54,706 | ERROR | login | 虾皮全托503-juyule - 第 3 次失败: start_browser 失败
Traceback (most recent call last):
  File "E:\Company_Project\Shopee\modules\login.py", line 175, in run
    result = await self.run_once()
  File "E:\Company_Project\Shopee\modules\login.py", line 155, in run_once
    raise Exception("start_browser 失败")
Exception: start_browser 失败
2025-12-28 00:26:55,253 | ERROR | login | 虾皮全托503-juyule - 登录失败，已达到最大重试次数 3
2025-12-28 00:26:57,267 | INFO | login | --------------------虾皮全托503-juyule ------------------------ 开始登录...
2025-12-28 00:26:57,268 | INFO | login | 虾皮全托503-juyule - 第 1 次登录尝试
2025-12-28 00:26:58,131 | INFO | login | 虾皮全托503-juyule - start_api 返回: {'code': -10007, 'msg': 'Chrome[131]内核不存在(Chrome[131]Core does not exist)', 'data': {'errMessage': 'Chrome[131]内核不存在(Chrome[131]Core does not exist)', 'statusCode': '-10007', 'err': 'Chrome[131]内核不存在(Chrome[131]Core does not exist)', 'action': 'startBrowserByCode'}}
2025-12-28 00:26:58,131 | ERROR | login | 虾皮全托503-juyule - 启动失败: Chrome[131]内核不存在(Chrome[131]Core does not exist)
2025-12-28 00:26:58,132 | ERROR | login | 虾皮全托503-juyule - 第 1 次失败: start_browser 失败
Traceback (most recent call last):
  File "E:\Company_Project\Shopee\modules\login.py", line 175, in run
    result = await self.run_once()
  File "E:\Company_Project\Shopee\modules\login.py", line 155, in run_once
    raise Exception("start_browser 失败")
Exception: start_browser 失败
2025-12-28 00:26:58,652 | INFO | login | 虾皮全托503-juyule - 准备重试，等待 3 秒...
2025-12-28 00:47:09,989 | INFO | login | --------------------虾皮全托503-juyule ------------------------ 开始登录...
2025-12-28 00:47:09,989 | INFO | login | 虾皮全托503-juyule - 第 1 次登录尝试
2025-12-28 00:47:14,909 | INFO | login | 虾皮全托503-juyule - start_api 返回: {'code': 0, 'msg': 'Success', 'data': {'action': 'startBrowserByCode', 'backgroundPluginId': 'kmmpnpjkamoghgfdbahjbcghobamhjnm', 'browserID': 104528197, 'browserPath': 'C:\\Users\\ningmeng\\AppData\\Local\\env-kit\\Core\\chrome_64_131_202501091017\\hubstudio', 'debuggingPort': '63676', 'downloadPath': 'C:\\Users\\ningmeng\\Desktop\\Hubstudio\\虾皮全托503-juyule', 'duplicate': 4219, 'ip': '125.75.68.73', 'isDynamicIp': False, 'launcherPage': 'about:blank', 'proxyType': 'socks5', 'runMode': 2, 'webdriver': 'C:\\Users\\ningmeng\\AppData\\Local\\env-kit\\Core\\chrome_64_131_202501091017\\webdriver.exe', 'containerId': 104528197, 'containerCode': '1053281978', 'statusCode': '0', 'err': '成功(Success)'}}
2025-12-28 00:47:14,910 | INFO | login | 虾皮全托503-juyule - 浏览器启动成功, 调试端口: 63676
2025-12-28 00:47:17,378 | INFO | login | 虾皮全托503-juyule - 已连接浏览器
2025-12-28 00:47:17,379 | INFO | login | 虾皮全托503-juyule - 开始执行登录流程
2025-12-28 00:47:33,151 | INFO | login | 虾皮全托503-juyule - 登录成功
2025-12-28 00:47:33,162 | INFO | login | 虾皮全托503-juyule - cookies 已保存
2025-12-28 00:47:33,162 | INFO | login | 虾皮全托503-juyule - 登录成功（第 1 次）
2025-12-28 00:47:37,014 | INFO | login | --------------------虾皮全托502-xiyue ------------------------ 开始登录...
2025-12-28 00:47:37,015 | INFO | login | 虾皮全托502-xiyue - 第 1 次登录尝试
2025-12-28 00:47:40,547 | INFO | login | 虾皮全托502-xiyue - start_api 返回: {'code': 0, 'msg': 'Success', 'data': {'action': 'startBrowserByCode', 'backgroundPluginId': 'doagkbnniaaleohgfnkjbpdggniolijc', 'browserID': 104527952, 'browserPath': 'C:\\Users\\ningmeng\\AppData\\Local\\env-kit\\Core\\chrome_64_131_202501091017\\hubstudio', 'debuggingPort': '63868', 'downloadPath': 'C:\\Users\\ningmeng\\Desktop\\Hubstudio\\虾皮全托502-xiyue', 'duplicate': 2969, 'ip': '118.253.177.190', 'isDynamicIp': False, 'launcherPage': 'about:blank', 'proxyType': 'socks5', 'runMode': 2, 'webdriver': 'C:\\Users\\ningmeng\\AppData\\Local\\env-kit\\Core\\chrome_64_131_202501091017\\webdriver.exe', 'containerId': 104527952, 'containerCode': '1053279526', 'statusCode': '0', 'err': '成功(Success)'}}
2025-12-28 00:47:40,548 | INFO | login | 虾皮全托502-xiyue - 浏览器启动成功, 调试端口: 63868
2025-12-28 00:47:41,730 | INFO | login | 虾皮全托502-xiyue - 已连接浏览器
2025-12-28 00:47:41,730 | INFO | login | 虾皮全托502-xiyue - 开始执行登录流程
2025-12-28 00:47:45,551 | INFO | login | 虾皮全托502-xiyue - 登录成功
2025-12-28 00:47:45,562 | INFO | login | 虾皮全托502-xiyue - cookies 已保存
2025-12-28 00:47:45,563 | INFO | login | 虾皮全托502-xiyue - 登录成功（第 1 次）
2025-12-28 23:05:53,747 | INFO | login | --------------------虾皮全托1501店 ------------------------ 开始登录...
2025-12-28 23:05:53,748 | INFO | login | 虾皮全托1501店 - 第 1 次登录尝试
2025-12-28 23:05:59,511 | INFO | login | 虾皮全托1501店 - start_api 返回: {'code': 0, 'msg': 'Success', 'data': {'action': 'startBrowserByCode', 'backgroundPluginId': 'dcaaeajlfghejkmlnmkkidgcnilcigne', 'browserID': 122456509, 'browserPath': 'C:\\Users\\ningmeng\\AppData\\Local\\env-kit\\Core\\chrome_64_131_202501091017\\hubstudio', 'debuggingPort': '52995', 'downloadPath': 'C:\\Users\\ningmeng\\Desktop\\Hubstudio\\虾皮全托1501店', 'duplicate': 5162, 'ip': '1.194.218.235', 'isDynamicIp': False, 'launcherPage': 'about:blank', 'proxyType': 'socks5', 'runMode': 2, 'webdriver': 'C:\\Users\\ningmeng\\AppData\\Local\\env-kit\\Core\\chrome_64_131_202501091017\\webdriver.exe', 'containerId': 122456509, 'containerCode': '1232565093', 'statusCode': '0', 'err': '成功(Success)'}}
2025-12-28 23:05:59,512 | INFO | login | 虾皮全托1501店 - 浏览器启动成功, 调试端口: 52995
2025-12-28 23:06:00,721 | INFO | login | 虾皮全托1501店 - 已连接浏览器
2025-12-28 23:06:00,721 | INFO | login | 虾皮全托1501店 - 开始执行登录流程
2025-12-28 23:06:18,898 | ERROR | login | 虾皮全托1501店 - 第 1 次失败: Locator.wait_for: Timeout 15000ms exceeded.
Call log:
  - waiting for get_by_role("textbox", name="请输入").first to be visible
Traceback (most recent call last):
  File "E:\Company_Project\Shopee\modules\login.py", line 175, in run
    result = await self.run_once()
  File "E:\Company_Project\Shopee\modules\login.py", line 160, in run_once
    if not await self.login():
  File "E:\Company_Project\Shopee\modules\login.py", line 103, in login
    await username_input.wait_for(state="visible", timeout=15_000)
  File "F:\Yingyong\Python\lib\site-packages\playwright\async_api\_generated.py", line 17906, in wait_for
    await self._impl_obj.wait_for(timeout=timeout, state=state)
  File "F:\Yingyong\Python\lib\site-packages\playwright\_impl\_locator.py", line 692, in wait_for
    await self._frame.wait_for_selector(
  File "F:\Yingyong\Python\lib\site-packages\playwright\_impl\_frame.py", line 369, in wait_for_selector
    await self._channel.send(
  File "F:\Yingyong\Python\lib\site-packages\playwright\_impl\_connection.py", line 69, in send
    return await self._connection.wrap_api_call(
  File "F:\Yingyong\Python\lib\site-packages\playwright\_impl\_connection.py", line 559, in wrap_api_call
    raise rewrite_error(error, f"{parsed_st['apiName']}: {error}") from None
playwright._impl._errors.TimeoutError: Locator.wait_for: Timeout 15000ms exceeded.
Call log:
  - waiting for get_by_role("textbox", name="请输入").first to be visible

2025-12-28 23:06:21,238 | INFO | login | 虾皮全托1501店 - 准备重试，等待 3 秒...
2025-12-28 23:06:24,242 | INFO | login | 虾皮全托1501店 - 第 2 次登录尝试
2025-12-28 23:06:29,008 | INFO | login | 虾皮全托1501店 - start_api 返回: {'code': 0, 'msg': 'Success', 'data': {'action': 'startBrowserByCode', 'backgroundPluginId': 'dcaaeajlfghejkmlnmkkidgcnilcigne', 'browserID': 122456509, 'browserPath': 'C:\\Users\\ningmeng\\AppData\\Local\\env-kit\\Core\\chrome_64_131_202501091017\\hubstudio', 'debuggingPort': '53163', 'downloadPath': 'C:\\Users\\ningmeng\\Desktop\\Hubstudio\\虾皮全托1501店', 'duplicate': 3603, 'ip': '1.194.218.235', 'isDynamicIp': False, 'launcherPage': 'about:blank', 'proxyType': 'socks5', 'runMode': 2, 'webdriver': 'C:\\Users\\ningmeng\\AppData\\Local\\env-kit\\Core\\chrome_64_131_202501091017\\webdriver.exe', 'containerId': 122456509, 'containerCode': '1232565093', 'statusCode': '0', 'err': '成功(Success)'}}
2025-12-28 23:06:29,009 | INFO | login | 虾皮全托1501店 - 浏览器启动成功, 调试端口: 53163
2025-12-28 23:06:30,037 | INFO | login | 虾皮全托1501店 - 已连接浏览器
2025-12-28 23:06:30,038 | INFO | login | 虾皮全托1501店 - 开始执行登录流程
2025-12-28 23:06:35,576 | INFO | login | 虾皮全托1501店 - 登录成功
2025-12-28 23:06:35,631 | INFO | login | 虾皮全托1501店 - cookies 已保存
2025-12-28 23:06:35,631 | INFO | login | 虾皮全托1501店 - 登录成功（第 2 次）
2025-12-28 23:13:17,535 | INFO | login | --------------------虾皮全托507-lxz ------------------------ 开始登录...
2025-12-28 23:13:17,535 | INFO | login | 虾皮全托507-lxz - 第 1 次登录尝试
2025-12-28 23:13:36,625 | INFO | login | --------------------虾皮全托507-lxz ------------------------ 开始登录...
2025-12-28 23:13:36,625 | INFO | login | 虾皮全托507-lxz - 第 1 次登录尝试
2025-12-28 23:13:37,125 | INFO | login | 虾皮全托507-lxz - start_api 返回: {'code': 0, 'msg': 'Success', 'data': {'action': 'startBrowserByCode', 'backgroundPluginId': 'calkmgnhlimchlleafgbpphdggopmcpg', 'browserID': 108860044, 'browserPath': 'C:\\Users\\ningmeng\\AppData\\Local\\env-kit\\Core\\chrome_64_131_202501091017\\hubstudio', 'debuggingPort': '54009', 'downloadPath': 'C:\\Users\\ningmeng\\Desktop\\Hubstudio\\虾皮全托507-lxz', 'duplicate': 18518, 'ip': '111.172.230.181', 'isDynamicIp': False, 'launcherPage': 'about:blank', 'proxyType': 'socks5', 'runMode': 2, 'webdriver': 'C:\\Users\\ningmeng\\AppData\\Local\\env-kit\\Core\\chrome_64_131_202501091017\\webdriver.exe', 'containerId': 108860044, 'containerCode': '1096600440', 'statusCode': '0', 'err': '成功(Success)'}}
2025-12-28 23:13:37,125 | INFO | login | 虾皮全托507-lxz - 浏览器启动成功, 调试端口: 54009
2025-12-28 23:13:37,917 | INFO | login | 虾皮全托507-lxz - 已连接浏览器
2025-12-28 23:13:37,917 | INFO | login | 虾皮全托507-lxz - 开始执行登录流程
2025-12-28 23:14:11,944 | INFO | login | --------------------虾皮全托507-lxz ------------------------ 开始登录...
2025-12-28 23:14:11,944 | INFO | login | 虾皮全托507-lxz - 第 1 次登录尝试
2025-12-28 23:14:12,497 | INFO | login | 虾皮全托507-lxz - start_api 返回: {'code': 0, 'msg': 'Success', 'data': {'action': 'startBrowserByCode', 'backgroundPluginId': 'calkmgnhlimchlleafgbpphdggopmcpg', 'browserID': 108860044, 'browserPath': 'C:\\Users\\ningmeng\\AppData\\Local\\env-kit\\Core\\chrome_64_131_202501091017\\hubstudio', 'debuggingPort': '54009', 'downloadPath': 'C:\\Users\\ningmeng\\Desktop\\Hubstudio\\虾皮全托507-lxz', 'duplicate': 53890, 'ip': '111.172.230.181', 'isDynamicIp': False, 'launcherPage': 'about:blank', 'proxyType': 'socks5', 'runMode': 2, 'webdriver': 'C:\\Users\\ningmeng\\AppData\\Local\\env-kit\\Core\\chrome_64_131_202501091017\\webdriver.exe', 'containerId': 108860044, 'containerCode': '1096600440', 'statusCode': '0', 'err': '成功(Success)'}}
2025-12-28 23:14:12,497 | INFO | login | 虾皮全托507-lxz - 浏览器启动成功, 调试端口: 54009
2025-12-28 23:14:55,644 | INFO | login | --------------------虾皮全托507-lxz ------------------------ 开始登录...
2025-12-28 23:14:55,645 | INFO | login | 虾皮全托507-lxz - 第 1 次登录尝试
2025-12-28 23:14:59,106 | INFO | login | 虾皮全托507-lxz - start_api 返回: {'code': 0, 'msg': 'Success', 'data': {'action': 'startBrowserByCode', 'backgroundPluginId': 'calkmgnhlimchlleafgbpphdggopmcpg', 'browserID': 108860044, 'browserPath': 'C:\\Users\\ningmeng\\AppData\\Local\\env-kit\\Core\\chrome_64_131_202501091017\\hubstudio', 'debuggingPort': '54308', 'downloadPath': 'C:\\Users\\ningmeng\\Desktop\\Hubstudio\\虾皮全托507-lxz', 'duplicate': 2927, 'ip': '111.172.230.181', 'isDynamicIp': False, 'launcherPage': 'about:blank', 'proxyType': 'socks5', 'runMode': 2, 'webdriver': 'C:\\Users\\ningmeng\\AppData\\Local\\env-kit\\Core\\chrome_64_131_202501091017\\webdriver.exe', 'containerId': 108860044, 'containerCode': '1096600440', 'statusCode': '0', 'err': '成功(Success)'}}
2025-12-28 23:14:59,106 | INFO | login | 虾皮全托507-lxz - 浏览器启动成功, 调试端口: 54308
2025-12-28 23:15:00,138 | INFO | login | 虾皮全托507-lxz - 已连接浏览器
2025-12-28 23:15:00,138 | INFO | login | 虾皮全托507-lxz - 开始执行登录流程
2025-12-28 23:15:03,726 | INFO | login | 虾皮全托507-lxz - 登录成功
2025-12-28 23:15:03,735 | INFO | login | 虾皮全托507-lxz - cookies 已保存
2025-12-28 23:15:03,736 | INFO | login | 虾皮全托507-lxz - 登录成功（第 1 次）
2025-12-28 23:19:15,976 | INFO | login | --------------------虾皮全托506-kedi ------------------------ 开始登录...
2025-12-28 23:19:15,977 | INFO | login | 虾皮全托506-kedi - 第 1 次登录尝试
2025-12-28 23:19:20,628 | INFO | login | 虾皮全托506-kedi - start_api 返回: {'code': 0, 'msg': 'Success', 'data': {'action': 'startBrowserByCode', 'backgroundPluginId': 'jmdaoiclhknhpeamocfanplekhkhbjkn', 'browserID': 104528451, 'browserPath': 'C:\\Users\\ningmeng\\AppData\\Local\\env-kit\\Core\\chrome_64_131_202501091017\\hubstudio', 'debuggingPort': '54673', 'downloadPath': 'C:\\Users\\ningmeng\\Desktop\\Hubstudio\\虾皮全托506-kedi', 'duplicate': 4051, 'ip': '121.229.211.102', 'isDynamicIp': False, 'launcherPage': 'about:blank', 'proxyType': 'socks5', 'runMode': 2, 'webdriver': 'C:\\Users\\ningmeng\\AppData\\Local\\env-kit\\Core\\chrome_64_131_202501091017\\webdriver.exe', 'containerId': 104528451, 'containerCode': '1053284511', 'statusCode': '0', 'err': '成功(Success)'}}
2025-12-28 23:19:20,629 | INFO | login | 虾皮全托506-kedi - 浏览器启动成功, 调试端口: 54673
2025-12-28 23:19:21,827 | INFO | login | 虾皮全托506-kedi - 已连接浏览器
2025-12-28 23:19:21,827 | INFO | login | 虾皮全托506-kedi - 开始执行登录流程
2025-12-28 23:19:41,631 | INFO | login | 虾皮全托506-kedi - 登录成功
2025-12-28 23:19:41,641 | INFO | login | 虾皮全托506-kedi - cookies 已保存
2025-12-28 23:19:41,642 | INFO | login | 虾皮全托506-kedi - 登录成功（第 1 次）
2025-12-28 23:19:43,181 | INFO | login | --------------------虾皮全托505-qipei ------------------------ 开始登录...
2025-12-28 23:19:43,182 | INFO | login | 虾皮全托505-qipei - 第 1 次登录尝试
2025-12-28 23:19:47,140 | INFO | login | 虾皮全托505-qipei - start_api 返回: {'code': 0, 'msg': 'Success', 'data': {'action': 'startBrowserByCode', 'backgroundPluginId': 'dpojoonbopndccccpbgddippoehohffa', 'browserID': 104528378, 'browserPath': 'C:\\Users\\ningmeng\\AppData\\Local\\env-kit\\Core\\chrome_64_131_202501091017\\hubstudio', 'debuggingPort': '54827', 'downloadPath': 'C:\\Users\\ningmeng\\Desktop\\Hubstudio\\虾皮全托505-qipei', 'duplicate': 3434, 'ip': '124.225.4.69', 'isDynamicIp': False, 'launcherPage': 'about:blank', 'proxyType': 'socks5', 'runMode': 2, 'webdriver': 'C:\\Users\\ningmeng\\AppData\\Local\\env-kit\\Core\\chrome_64_131_202501091017\\webdriver.exe', 'containerId': 104528378, 'containerCode': '1053283783', 'statusCode': '0', 'err': '成功(Success)'}}
2025-12-28 23:19:47,141 | INFO | login | 虾皮全托505-qipei - 浏览器启动成功, 调试端口: 54827
2025-12-28 23:19:48,895 | INFO | login | 虾皮全托505-qipei - 已连接浏览器
2025-12-28 23:19:48,895 | INFO | login | 虾皮全托505-qipei - 开始执行登录流程
2025-12-28 23:20:07,010 | ERROR | login | 虾皮全托505-qipei - 第 1 次失败: Locator.wait_for: Timeout 15000ms exceeded.
Call log:
  - waiting for get_by_role("textbox", name="请输入").first to be visible
Traceback (most recent call last):
  File "E:\Company_Project\Shopee\modules\login.py", line 175, in run
    result = await self.run_once()
  File "E:\Company_Project\Shopee\modules\login.py", line 160, in run_once
    if not await self.login():
  File "E:\Company_Project\Shopee\modules\login.py", line 103, in login
    await username_input.wait_for(state="visible", timeout=15_000)
  File "F:\Yingyong\Python\lib\site-packages\playwright\async_api\_generated.py", line 17906, in wait_for
    await self._impl_obj.wait_for(timeout=timeout, state=state)
  File "F:\Yingyong\Python\lib\site-packages\playwright\_impl\_locator.py", line 692, in wait_for
    await self._frame.wait_for_selector(
  File "F:\Yingyong\Python\lib\site-packages\playwright\_impl\_frame.py", line 369, in wait_for_selector
    await self._channel.send(
  File "F:\Yingyong\Python\lib\site-packages\playwright\_impl\_connection.py", line 69, in send
    return await self._connection.wrap_api_call(
  File "F:\Yingyong\Python\lib\site-packages\playwright\_impl\_connection.py", line 559, in wrap_api_call
    raise rewrite_error(error, f"{parsed_st['apiName']}: {error}") from None
playwright._impl._errors.TimeoutError: Locator.wait_for: Timeout 15000ms exceeded.
Call log:
  - waiting for get_by_role("textbox", name="请输入").first to be visible

2025-12-28 23:20:09,700 | INFO | login | 虾皮全托505-qipei - 准备重试，等待 3 秒...
2025-12-28 23:20:12,710 | INFO | login | 虾皮全托505-qipei - 第 2 次登录尝试
2025-12-28 23:20:19,815 | INFO | login | 虾皮全托505-qipei - start_api 返回: {'code': 0, 'msg': 'Success', 'data': {'action': 'startBrowserByCode', 'backgroundPluginId': 'dpojoonbopndccccpbgddippoehohffa', 'browserID': 104528378, 'browserPath': 'C:\\Users\\ningmeng\\AppData\\Local\\env-kit\\Core\\chrome_64_131_202501091017\\hubstudio', 'debuggingPort': '54969', 'downloadPath': 'C:\\Users\\ningmeng\\Desktop\\Hubstudio\\虾皮全托505-qipei', 'duplicate': 5530, 'ip': '124.225.4.69', 'isDynamicIp': False, 'launcherPage': 'about:blank', 'proxyType': 'socks5', 'runMode': 2, 'webdriver': 'C:\\Users\\ningmeng\\AppData\\Local\\env-kit\\Core\\chrome_64_131_202501091017\\webdriver.exe', 'containerId': 104528378, 'containerCode': '1053283783', 'statusCode': '0', 'err': '成功(Success)'}}
2025-12-28 23:20:19,815 | INFO | login | 虾皮全托505-qipei - 浏览器启动成功, 调试端口: 54969
2025-12-28 23:20:20,818 | INFO | login | 虾皮全托505-qipei - 已连接浏览器
2025-12-28 23:20:20,819 | INFO | login | 虾皮全托505-qipei - 开始执行登录流程
2025-12-28 23:20:37,296 | ERROR | login | 虾皮全托505-qipei - 第 2 次失败: Locator.wait_for: Timeout 15000ms exceeded.
Call log:
  - waiting for get_by_role("textbox", name="请输入").first to be visible
Traceback (most recent call last):
  File "E:\Company_Project\Shopee\modules\login.py", line 175, in run
    result = await self.run_once()
  File "E:\Company_Project\Shopee\modules\login.py", line 160, in run_once
    if not await self.login():
  File "E:\Company_Project\Shopee\modules\login.py", line 103, in login
    await username_input.wait_for(state="visible", timeout=15_000)
  File "F:\Yingyong\Python\lib\site-packages\playwright\async_api\_generated.py", line 17906, in wait_for
    await self._impl_obj.wait_for(timeout=timeout, state=state)
  File "F:\Yingyong\Python\lib\site-packages\playwright\_impl\_locator.py", line 692, in wait_for
    await self._frame.wait_for_selector(
  File "F:\Yingyong\Python\lib\site-packages\playwright\_impl\_frame.py", line 369, in wait_for_selector
    await self._channel.send(
  File "F:\Yingyong\Python\lib\site-packages\playwright\_impl\_connection.py", line 69, in send
    return await self._connection.wrap_api_call(
  File "F:\Yingyong\Python\lib\site-packages\playwright\_impl\_connection.py", line 559, in wrap_api_call
    raise rewrite_error(error, f"{parsed_st['apiName']}: {error}") from None
playwright._impl._errors.TimeoutError: Locator.wait_for: Timeout 15000ms exceeded.
Call log:
  - waiting for get_by_role("textbox", name="请输入").first to be visible

2025-12-28 23:20:39,381 | INFO | login | 虾皮全托505-qipei - 准备重试，等待 3 秒...
2025-12-28 23:20:42,384 | INFO | login | 虾皮全托505-qipei - 第 3 次登录尝试
2025-12-28 23:20:50,969 | INFO | login | 虾皮全托505-qipei - start_api 返回: {'code': 0, 'msg': 'Success', 'data': {'action': 'startBrowserByCode', 'backgroundPluginId': 'dpojoonbopndccccpbgddippoehohffa', 'browserID': 104528378, 'browserPath': 'C:\\Users\\ningmeng\\AppData\\Local\\env-kit\\Core\\chrome_64_131_202501091017\\hubstudio', 'debuggingPort': '55094', 'downloadPath': 'C:\\Users\\ningmeng\\Desktop\\Hubstudio\\虾皮全托505-qipei', 'duplicate': 7340, 'ip': '124.225.4.69', 'isDynamicIp': False, 'launcherPage': 'about:blank', 'proxyType': 'socks5', 'runMode': 2, 'webdriver': 'C:\\Users\\ningmeng\\AppData\\Local\\env-kit\\Core\\chrome_64_131_202501091017\\webdriver.exe', 'containerId': 104528378, 'containerCode': '1053283783', 'statusCode': '0', 'err': '成功(Success)'}}
2025-12-28 23:20:50,970 | INFO | login | 虾皮全托505-qipei - 浏览器启动成功, 调试端口: 55094
2025-12-28 23:20:51,928 | INFO | login | 虾皮全托505-qipei - 已连接浏览器
2025-12-28 23:20:51,929 | INFO | login | 虾皮全托505-qipei - 开始执行登录流程
2025-12-28 23:20:59,751 | INFO | login | 虾皮全托505-qipei - 登录成功
2025-12-28 23:20:59,762 | INFO | login | 虾皮全托505-qipei - cookies 已保存
2025-12-28 23:20:59,762 | INFO | login | 虾皮全托505-qipei - 登录成功（第 3 次）
2025-12-28 23:21:02,878 | INFO | login | --------------------虾皮全托504-huanchuang ------------------------ 开始登录...
2025-12-28 23:21:02,878 | INFO | login | 虾皮全托504-huanchuang - 第 1 次登录尝试
2025-12-28 23:21:08,559 | INFO | login | 虾皮全托504-huanchuang - start_api 返回: {'code': 0, 'msg': 'Success', 'data': {'action': 'startBrowserByCode', 'backgroundPluginId': 'nlcegpjhbmeecjhnmjnnecdigbijohom', 'browserID': 104528281, 'browserPath': 'C:\\Users\\ningmeng\\AppData\\Local\\env-kit\\Core\\chrome_64_131_202501091017\\hubstudio', 'debuggingPort': '55213', 'downloadPath': 'C:\\Users\\ningmeng\\Desktop\\Hubstudio\\虾皮全托504-huanchuang', 'duplicate': 4471, 'ip': '124.236.76.149', 'isDynamicIp': False, 'launcherPage': 'about:blank', 'proxyType': 'socks5', 'runMode': 2, 'webdriver': 'C:\\Users\\ningmeng\\AppData\\Local\\env-kit\\Core\\chrome_64_131_202501091017\\webdriver.exe', 'containerId': 104528281, 'containerCode': '1053282810', 'statusCode': '0', 'err': '成功(Success)'}}
2025-12-28 23:21:08,559 | INFO | login | 虾皮全托504-huanchuang - 浏览器启动成功, 调试端口: 55213
2025-12-28 23:21:09,698 | INFO | login | 虾皮全托504-huanchuang - 已连接浏览器
2025-12-28 23:21:09,698 | INFO | login | 虾皮全托504-huanchuang - 开始执行登录流程
2025-12-28 23:21:41,900 | ERROR | login | 虾皮全托504-huanchuang - 第 1 次失败: Locator.wait_for: Timeout 15000ms exceeded.
Call log:
  - waiting for get_by_role("textbox", name="请输入").first to be visible
Traceback (most recent call last):
  File "E:\Company_Project\Shopee\modules\login.py", line 175, in run
    result = await self.run_once()
  File "E:\Company_Project\Shopee\modules\login.py", line 160, in run_once
    if not await self.login():
  File "E:\Company_Project\Shopee\modules\login.py", line 103, in login
    await username_input.wait_for(state="visible", timeout=15_000)
  File "F:\Yingyong\Python\lib\site-packages\playwright\async_api\_generated.py", line 17906, in wait_for
    await self._impl_obj.wait_for(timeout=timeout, state=state)
  File "F:\Yingyong\Python\lib\site-packages\playwright\_impl\_locator.py", line 692, in wait_for
    await self._frame.wait_for_selector(
  File "F:\Yingyong\Python\lib\site-packages\playwright\_impl\_frame.py", line 369, in wait_for_selector
    await self._channel.send(
  File "F:\Yingyong\Python\lib\site-packages\playwright\_impl\_connection.py", line 69, in send
    return await self._connection.wrap_api_call(
  File "F:\Yingyong\Python\lib\site-packages\playwright\_impl\_connection.py", line 559, in wrap_api_call
    raise rewrite_error(error, f"{parsed_st['apiName']}: {error}") from None
playwright._impl._errors.TimeoutError: Locator.wait_for: Timeout 15000ms exceeded.
Call log:
  - waiting for get_by_role("textbox", name="请输入").first to be visible

2025-12-28 23:21:44,693 | INFO | login | 虾皮全托504-huanchuang - 准备重试，等待 3 秒...
2025-12-28 23:21:47,701 | INFO | login | 虾皮全托504-huanchuang - 第 2 次登录尝试
2025-12-28 23:21:52,988 | INFO | login | 虾皮全托504-huanchuang - start_api 返回: {'code': 0, 'msg': 'Success', 'data': {'action': 'startBrowserByCode', 'backgroundPluginId': 'nlcegpjhbmeecjhnmjnnecdigbijohom', 'browserID': 104528281, 'browserPath': 'C:\\Users\\ningmeng\\AppData\\Local\\env-kit\\Core\\chrome_64_131_202501091017\\hubstudio', 'debuggingPort': '55384', 'downloadPath': 'C:\\Users\\ningmeng\\Desktop\\Hubstudio\\虾皮全托504-huanchuang', 'duplicate': 4096, 'ip': '124.236.76.149', 'isDynamicIp': False, 'launcherPage': 'about:blank', 'proxyType': 'socks5', 'runMode': 2, 'webdriver': 'C:\\Users\\ningmeng\\AppData\\Local\\env-kit\\Core\\chrome_64_131_202501091017\\webdriver.exe', 'containerId': 104528281, 'containerCode': '1053282810', 'statusCode': '0', 'err': '成功(Success)'}}
2025-12-28 23:21:52,988 | INFO | login | 虾皮全托504-huanchuang - 浏览器启动成功, 调试端口: 55384
2025-12-28 23:21:54,060 | INFO | login | 虾皮全托504-huanchuang - 已连接浏览器
2025-12-28 23:21:54,061 | INFO | login | 虾皮全托504-huanchuang - 开始执行登录流程
2025-12-28 23:22:11,586 | ERROR | login | 虾皮全托504-huanchuang - 第 2 次失败: Locator.wait_for: Timeout 15000ms exceeded.
Call log:
  - waiting for get_by_role("textbox", name="请输入").first to be visible
    - waiting for" https://seller.scs.shopee.cn/login" navigation to finish...
    - navigated to "https://seller.scs.shopee.cn/login"
Traceback (most recent call last):
  File "E:\Company_Project\Shopee\modules\login.py", line 175, in run
    result = await self.run_once()
  File "E:\Company_Project\Shopee\modules\login.py", line 160, in run_once
    if not await self.login():
  File "E:\Company_Project\Shopee\modules\login.py", line 103, in login
    await username_input.wait_for(state="visible", timeout=15_000)
  File "F:\Yingyong\Python\lib\site-packages\playwright\async_api\_generated.py", line 17906, in wait_for
    await self._impl_obj.wait_for(timeout=timeout, state=state)
  File "F:\Yingyong\Python\lib\site-packages\playwright\_impl\_locator.py", line 692, in wait_for
    await self._frame.wait_for_selector(
  File "F:\Yingyong\Python\lib\site-packages\playwright\_impl\_frame.py", line 369, in wait_for_selector
    await self._channel.send(
  File "F:\Yingyong\Python\lib\site-packages\playwright\_impl\_connection.py", line 69, in send
    return await self._connection.wrap_api_call(
  File "F:\Yingyong\Python\lib\site-packages\playwright\_impl\_connection.py", line 559, in wrap_api_call
    raise rewrite_error(error, f"{parsed_st['apiName']}: {error}") from None
playwright._impl._errors.TimeoutError: Locator.wait_for: Timeout 15000ms exceeded.
Call log:
  - waiting for get_by_role("textbox", name="请输入").first to be visible
    - waiting for" https://seller.scs.shopee.cn/login" navigation to finish...
    - navigated to "https://seller.scs.shopee.cn/login"

2025-12-28 23:22:14,472 | INFO | login | 虾皮全托504-huanchuang - 准备重试，等待 3 秒...
2025-12-28 23:22:35,782 | INFO | login | --------------------虾皮全托504-huanchuang ------------------------ 开始登录...
2025-12-28 23:22:35,782 | INFO | login | 虾皮全托504-huanchuang - 第 1 次登录尝试
2025-12-28 23:25:32,782 | INFO | login | --------------------虾皮全托504-huanchuang ------------------------ 开始登录...
2025-12-28 23:25:32,782 | INFO | login | 虾皮全托504-huanchuang - 第 1 次登录尝试
