2025-12-26 17:29:44,585 | INFO | login | --------------------虾皮全托1501店 ------------------------ 开始登录...
2025-12-26 17:29:44,585 | INFO | login | 虾皮全托1501店 - 第 1 次登录尝试
2025-12-26 17:29:48,054 | INFO | login | 虾皮全托1501店 - start_api 返回: {'code': 0, 'msg': 'Success', 'data': {'action': 'startBrowserByCode', 'backgroundPluginId': 'pgkoffidhfmenggbfomgpodhhpilbknm', 'browserID': 122456509, 'browserPath': 'C:\\Users\\Administrator\\AppData\\Local\\env-kit\\Core\\chrome_64_131_202501091017\\hubstudio', 'debuggingPort': '52729', 'downloadPath': 'C:\\Users\\Administrator\\Desktop\\Hubstudio\\虾皮全托1501店', 'duplicate': 2946, 'ip': '1.194.218.235', 'isDynamicIp': False, 'launcherPage': 'about:blank', 'proxyType': 'socks5', 'runMode': 2, 'webdriver': 'C:\\Users\\Administrator\\AppData\\Local\\env-kit\\Core\\chrome_64_131_202501091017\\webdriver.exe', 'containerId': 122456509, 'containerCode': '1232565093', 'statusCode': '0', 'err': '成功(Success)'}}
2025-12-26 17:29:48,054 | INFO | login | 虾皮全托1501店 - 浏览器启动成功, 调试端口: 52729
2025-12-26 17:29:49,430 | INFO | login | 虾皮全托1501店 - 已连接浏览器
2025-12-26 17:29:49,430 | INFO | login | 虾皮全托1501店 - 开始执行登录流程
2025-12-26 17:29:54,067 | ERROR | login | 虾皮全托1501店 - 第 1 次失败: login 失败
Traceback (most recent call last):
  File "D:\sd14\Shopee\modules\login.py", line 162, in run
    result = await self.run_once()
  File "D:\sd14\Shopee\modules\login.py", line 148, in run_once
    raise Exception("login 失败")
Exception: login 失败
2025-12-26 17:29:55,025 | ERROR | login | 虾皮全托1501店 - 登录失败，已达到最大重试次数 1
2025-12-26 17:29:55,026 | INFO | login | --------------------虾皮全托507-lxz ------------------------ 开始登录...
2025-12-26 17:29:55,026 | INFO | login | 虾皮全托507-lxz - 第 1 次登录尝试
2025-12-26 17:29:57,902 | INFO | login | 虾皮全托507-lxz - start_api 返回: {'code': 0, 'msg': 'Success', 'data': {'action': 'startBrowserByCode', 'backgroundPluginId': 'enkjhdholabjjpcmgflmepmjadljbbai', 'browserID': 108860044, 'browserPath': 'C:\\Users\\Administrator\\AppData\\Local\\env-kit\\Core\\chrome_64_131_202501091017\\hubstudio', 'debuggingPort': '52887', 'downloadPath': 'C:\\Users\\Administrator\\Desktop\\Hubstudio\\虾皮全托507-lxz', 'duplicate': 2367, 'ip': '111.172.230.181', 'isDynamicIp': False, 'launcherPage': 'about:blank', 'proxyType': 'socks5', 'runMode': 2, 'webdriver': 'C:\\Users\\Administrator\\AppData\\Local\\env-kit\\Core\\chrome_64_131_202501091017\\webdriver.exe', 'containerId': 108860044, 'containerCode': '1096600440', 'statusCode': '0', 'err': '成功(Success)'}}
2025-12-26 17:29:57,902 | INFO | login | 虾皮全托507-lxz - 浏览器启动成功, 调试端口: 52887
2025-12-26 17:39:40,095 | INFO | login | --------------------虾皮全托1501店 ------------------------ 开始登录...
2025-12-26 17:39:40,095 | INFO | login | 虾皮全托1501店 - 第 1 次登录尝试
2025-12-26 17:39:43,217 | INFO | login | 虾皮全托1501店 - start_api 返回: {'code': 0, 'msg': 'Success', 'data': {'action': 'startBrowserByCode', 'backgroundPluginId': 'pgkoffidhfmenggbfomgpodhhpilbknm', 'browserID': 122456509, 'browserPath': 'C:\\Users\\Administrator\\AppData\\Local\\env-kit\\Core\\chrome_64_131_202501091017\\hubstudio', 'debuggingPort': '53750', 'downloadPath': 'C:\\Users\\Administrator\\Desktop\\Hubstudio\\虾皮全托1501店', 'duplicate': 2633, 'ip': '1.194.218.235', 'isDynamicIp': False, 'launcherPage': 'about:blank', 'proxyType': 'socks5', 'runMode': 2, 'webdriver': 'C:\\Users\\Administrator\\AppData\\Local\\env-kit\\Core\\chrome_64_131_202501091017\\webdriver.exe', 'containerId': 122456509, 'containerCode': '1232565093', 'statusCode': '0', 'err': '成功(Success)'}}
2025-12-26 17:39:43,218 | INFO | login | 虾皮全托1501店 - 浏览器启动成功, 调试端口: 53750
2025-12-26 17:39:43,707 | INFO | login | 虾皮全托1501店 - 已连接浏览器
2025-12-26 17:39:43,707 | INFO | login | 虾皮全托1501店 - 开始执行登录流程
2025-12-26 17:39:45,851 | ERROR | login | 虾皮全托1501店 - 第 1 次失败: login 失败
Traceback (most recent call last):
  File "D:\sd14\Shopee\modules\login.py", line 178, in run
    result = await self.run_once()
  File "D:\sd14\Shopee\modules\login.py", line 164, in run_once
    raise Exception("login 失败")
Exception: login 失败
2025-12-26 17:39:46,863 | ERROR | login | 虾皮全托1501店 - 登录失败，已达到最大重试次数 1
2025-12-26 17:39:46,864 | INFO | login | --------------------虾皮全托507-lxz ------------------------ 开始登录...
2025-12-26 17:39:46,864 | INFO | login | 虾皮全托507-lxz - 第 1 次登录尝试
2025-12-26 17:39:49,558 | INFO | login | 虾皮全托507-lxz - start_api 返回: {'code': 0, 'msg': 'Success', 'data': {'action': 'startBrowserByCode', 'backgroundPluginId': 'enkjhdholabjjpcmgflmepmjadljbbai', 'browserID': 108860044, 'browserPath': 'C:\\Users\\Administrator\\AppData\\Local\\env-kit\\Core\\chrome_64_131_202501091017\\hubstudio', 'debuggingPort': '53932', 'downloadPath': 'C:\\Users\\Administrator\\Desktop\\Hubstudio\\虾皮全托507-lxz', 'duplicate': 2420, 'ip': '111.172.230.181', 'isDynamicIp': False, 'launcherPage': 'about:blank', 'proxyType': 'socks5', 'runMode': 2, 'webdriver': 'C:\\Users\\Administrator\\AppData\\Local\\env-kit\\Core\\chrome_64_131_202501091017\\webdriver.exe', 'containerId': 108860044, 'containerCode': '1096600440', 'statusCode': '0', 'err': '成功(Success)'}}
2025-12-26 17:39:49,558 | INFO | login | 虾皮全托507-lxz - 浏览器启动成功, 调试端口: 53932
2025-12-26 17:39:50,097 | INFO | login | 虾皮全托507-lxz - 已连接浏览器
2025-12-26 17:39:50,097 | INFO | login | 虾皮全托507-lxz - 开始执行登录流程
2025-12-26 17:39:55,669 | ERROR | login | 虾皮全托507-lxz - 第 1 次失败: login 失败
Traceback (most recent call last):
  File "D:\sd14\Shopee\modules\login.py", line 178, in run
    result = await self.run_once()
  File "D:\sd14\Shopee\modules\login.py", line 164, in run_once
    raise Exception("login 失败")
Exception: login 失败
2025-12-26 17:39:56,561 | ERROR | login | 虾皮全托507-lxz - 登录失败，已达到最大重试次数 1
2025-12-26 17:39:56,562 | INFO | login | --------------------虾皮全托506-kedi ------------------------ 开始登录...
2025-12-26 17:39:56,562 | INFO | login | 虾皮全托506-kedi - 第 1 次登录尝试
2025-12-26 17:39:59,756 | INFO | login | 虾皮全托506-kedi - start_api 返回: {'code': 0, 'msg': 'Success', 'data': {'action': 'startBrowserByCode', 'backgroundPluginId': 'pedgdkkjmpdcakdkghjobapkdjbjcink', 'browserID': 104528451, 'browserPath': 'C:\\Users\\Administrator\\AppData\\Local\\env-kit\\Core\\chrome_64_131_202501091017\\hubstudio', 'debuggingPort': '54094', 'downloadPath': 'C:\\Users\\Administrator\\Desktop\\Hubstudio\\虾皮全托506-kedi', 'duplicate': 2784, 'ip': '121.229.211.102', 'isDynamicIp': False, 'launcherPage': 'about:blank', 'proxyType': 'socks5', 'runMode': 2, 'webdriver': 'C:\\Users\\Administrator\\AppData\\Local\\env-kit\\Core\\chrome_64_131_202501091017\\webdriver.exe', 'containerId': 104528451, 'containerCode': '1053284511', 'statusCode': '0', 'err': '成功(Success)'}}
2025-12-26 17:39:59,756 | INFO | login | 虾皮全托506-kedi - 浏览器启动成功, 调试端口: 54094
2025-12-26 17:40:00,241 | INFO | login | 虾皮全托506-kedi - 已连接浏览器
2025-12-26 17:40:00,241 | INFO | login | 虾皮全托506-kedi - 开始执行登录流程
2025-12-26 17:40:03,784 | ERROR | login | 虾皮全托506-kedi - 第 1 次失败: login 失败
Traceback (most recent call last):
  File "D:\sd14\Shopee\modules\login.py", line 178, in run
    result = await self.run_once()
  File "D:\sd14\Shopee\modules\login.py", line 164, in run_once
    raise Exception("login 失败")
Exception: login 失败
2025-12-26 17:40:04,695 | ERROR | login | 虾皮全托506-kedi - 登录失败，已达到最大重试次数 1
2025-12-26 17:40:04,695 | INFO | login | --------------------虾皮全托505-qipei ------------------------ 开始登录...
2025-12-26 17:40:04,695 | INFO | login | 虾皮全托505-qipei - 第 1 次登录尝试
2025-12-26 17:40:07,610 | INFO | login | 虾皮全托505-qipei - start_api 返回: {'code': 0, 'msg': 'Success', 'data': {'action': 'startBrowserByCode', 'backgroundPluginId': 'pcmkolanjgohmadghpigmiohpgapigka', 'browserID': 104528378, 'browserPath': 'C:\\Users\\Administrator\\AppData\\Local\\env-kit\\Core\\chrome_64_131_202501091017\\hubstudio', 'debuggingPort': '54248', 'downloadPath': 'C:\\Users\\Administrator\\Desktop\\Hubstudio\\虾皮全托505-qipei', 'duplicate': 2476, 'ip': '124.225.4.69', 'isDynamicIp': False, 'launcherPage': 'about:blank', 'proxyType': 'socks5', 'runMode': 2, 'webdriver': 'C:\\Users\\Administrator\\AppData\\Local\\env-kit\\Core\\chrome_64_131_202501091017\\webdriver.exe', 'containerId': 104528378, 'containerCode': '1053283783', 'statusCode': '0', 'err': '成功(Success)'}}
2025-12-26 17:40:07,611 | INFO | login | 虾皮全托505-qipei - 浏览器启动成功, 调试端口: 54248
2025-12-26 17:40:08,079 | INFO | login | 虾皮全托505-qipei - 已连接浏览器
2025-12-26 17:40:08,080 | INFO | login | 虾皮全托505-qipei - 开始执行登录流程
2025-12-26 17:40:13,619 | ERROR | login | 虾皮全托505-qipei - 第 1 次失败: login 失败
Traceback (most recent call last):
  File "D:\sd14\Shopee\modules\login.py", line 178, in run
    result = await self.run_once()
  File "D:\sd14\Shopee\modules\login.py", line 164, in run_once
    raise Exception("login 失败")
Exception: login 失败
2025-12-26 17:40:14,647 | ERROR | login | 虾皮全托505-qipei - 登录失败，已达到最大重试次数 1
2025-12-26 17:40:14,647 | INFO | login | --------------------虾皮全托504-huanchuang ------------------------ 开始登录...
2025-12-26 17:40:14,647 | INFO | login | 虾皮全托504-huanchuang - 第 1 次登录尝试
2025-12-26 17:40:45,558 | INFO | login | --------------------虾皮全托1501店 ------------------------ 开始登录...
2025-12-26 17:40:45,558 | INFO | login | 虾皮全托1501店 - 第 1 次登录尝试
2025-12-26 17:40:48,608 | INFO | login | 虾皮全托1501店 - start_api 返回: {'code': 0, 'msg': 'Success', 'data': {'action': 'startBrowserByCode', 'backgroundPluginId': 'pgkoffidhfmenggbfomgpodhhpilbknm', 'browserID': 122456509, 'browserPath': 'C:\\Users\\Administrator\\AppData\\Local\\env-kit\\Core\\chrome_64_131_202501091017\\hubstudio', 'debuggingPort': '54554', 'downloadPath': 'C:\\Users\\Administrator\\Desktop\\Hubstudio\\虾皮全托1501店', 'duplicate': 2627, 'ip': '1.194.218.235', 'isDynamicIp': False, 'launcherPage': 'about:blank', 'proxyType': 'socks5', 'runMode': 2, 'webdriver': 'C:\\Users\\Administrator\\AppData\\Local\\env-kit\\Core\\chrome_64_131_202501091017\\webdriver.exe', 'containerId': 122456509, 'containerCode': '1232565093', 'statusCode': '0', 'err': '成功(Success)'}}
2025-12-26 17:40:48,609 | INFO | login | 虾皮全托1501店 - 浏览器启动成功, 调试端口: 54554
2025-12-26 17:40:49,073 | INFO | login | 虾皮全托1501店 - 已连接浏览器
2025-12-26 17:40:49,074 | INFO | login | 虾皮全托1501店 - 开始执行登录流程
2025-12-26 17:40:50,550 | ERROR | login | 虾皮全托1501店 - 第 1 次失败: login 失败
Traceback (most recent call last):
  File "D:\sd14\Shopee\modules\login.py", line 171, in run
    result = await self.run_once()
  File "D:\sd14\Shopee\modules\login.py", line 157, in run_once
    raise Exception("login 失败")
Exception: login 失败
2025-12-26 17:40:51,721 | ERROR | login | 虾皮全托1501店 - 登录失败，已达到最大重试次数 1
2025-12-26 17:40:51,722 | INFO | login | --------------------虾皮全托507-lxz ------------------------ 开始登录...
2025-12-26 17:40:51,722 | INFO | login | 虾皮全托507-lxz - 第 1 次登录尝试
2025-12-26 17:41:47,901 | INFO | login | --------------------虾皮全托1501店 ------------------------ 开始登录...
2025-12-26 17:41:47,901 | INFO | login | 虾皮全托1501店 - 第 1 次登录尝试
2025-12-26 17:41:51,008 | INFO | login | 虾皮全托1501店 - start_api 返回: {'code': 0, 'msg': 'Success', 'data': {'action': 'startBrowserByCode', 'backgroundPluginId': 'pgkoffidhfmenggbfomgpodhhpilbknm', 'browserID': 122456509, 'browserPath': 'C:\\Users\\Administrator\\AppData\\Local\\env-kit\\Core\\chrome_64_131_202501091017\\hubstudio', 'debuggingPort': '54847', 'downloadPath': 'C:\\Users\\Administrator\\Desktop\\Hubstudio\\虾皮全托1501店', 'duplicate': 2775, 'ip': '1.194.218.235', 'isDynamicIp': False, 'launcherPage': 'about:blank', 'proxyType': 'socks5', 'runMode': 2, 'webdriver': 'C:\\Users\\Administrator\\AppData\\Local\\env-kit\\Core\\chrome_64_131_202501091017\\webdriver.exe', 'containerId': 122456509, 'containerCode': '1232565093', 'statusCode': '0', 'err': '成功(Success)'}}
2025-12-26 17:41:51,008 | INFO | login | 虾皮全托1501店 - 浏览器启动成功, 调试端口: 54847
2025-12-26 17:41:51,498 | INFO | login | 虾皮全托1501店 - 已连接浏览器
2025-12-26 17:41:51,498 | INFO | login | 虾皮全托1501店 - 开始执行登录流程
2025-12-26 17:41:53,648 | INFO | login | 虾皮全托1501店 - 登录成功
2025-12-26 17:41:53,648 | INFO | login | 虾皮全托1501店 - 登录成功（第 1 次）
2025-12-26 17:41:54,538 | INFO | login | --------------------虾皮全托507-lxz ------------------------ 开始登录...
2025-12-26 17:41:54,538 | INFO | login | 虾皮全托507-lxz - 第 1 次登录尝试
2025-12-26 17:43:09,342 | INFO | login | --------------------虾皮全托1501店 ------------------------ 开始登录...
2025-12-26 17:43:09,342 | INFO | login | 虾皮全托1501店 - 第 1 次登录尝试
2025-12-26 17:43:11,899 | INFO | login | 虾皮全托1501店 - start_api 返回: {'code': 0, 'msg': 'Success', 'data': {'action': 'startBrowserByCode', 'backgroundPluginId': 'pgkoffidhfmenggbfomgpodhhpilbknm', 'browserID': 122456509, 'browserPath': 'C:\\Users\\Administrator\\AppData\\Local\\env-kit\\Core\\chrome_64_131_202501091017\\hubstudio', 'debuggingPort': '55125', 'downloadPath': 'C:\\Users\\Administrator\\Desktop\\Hubstudio\\虾皮全托1501店', 'duplicate': 2169, 'ip': '1.194.218.235', 'isDynamicIp': False, 'launcherPage': 'about:blank', 'proxyType': 'socks5', 'runMode': 2, 'webdriver': 'C:\\Users\\Administrator\\AppData\\Local\\env-kit\\Core\\chrome_64_131_202501091017\\webdriver.exe', 'containerId': 122456509, 'containerCode': '1232565093', 'statusCode': '0', 'err': '成功(Success)'}}
2025-12-26 17:43:11,899 | INFO | login | 虾皮全托1501店 - 浏览器启动成功, 调试端口: 55125
2025-12-26 17:43:12,356 | INFO | login | 虾皮全托1501店 - 已连接浏览器
2025-12-26 17:43:12,356 | INFO | login | 虾皮全托1501店 - 开始执行登录流程
2025-12-26 17:43:14,913 | INFO | login | 虾皮全托1501店 - 登录成功
2025-12-26 17:43:14,920 | INFO | login | 虾皮全托1501店 - cookies 已保存
2025-12-26 17:43:14,920 | INFO | login | 虾皮全托1501店 - 登录成功（第 1 次）
2025-12-26 17:43:15,804 | INFO | login | --------------------虾皮全托507-lxz ------------------------ 开始登录...
2025-12-26 17:43:15,804 | INFO | login | 虾皮全托507-lxz - 第 1 次登录尝试
2025-12-26 17:43:18,246 | INFO | login | 虾皮全托507-lxz - start_api 返回: {'code': 0, 'msg': 'Success', 'data': {'action': 'startBrowserByCode', 'backgroundPluginId': 'enkjhdholabjjpcmgflmepmjadljbbai', 'browserID': 108860044, 'browserPath': 'C:\\Users\\Administrator\\AppData\\Local\\env-kit\\Core\\chrome_64_131_202501091017\\hubstudio', 'debuggingPort': '55341', 'downloadPath': 'C:\\Users\\Administrator\\Desktop\\Hubstudio\\虾皮全托507-lxz', 'duplicate': 2097, 'ip': '111.172.230.181', 'isDynamicIp': False, 'launcherPage': 'about:blank', 'proxyType': 'socks5', 'runMode': 2, 'webdriver': 'C:\\Users\\Administrator\\AppData\\Local\\env-kit\\Core\\chrome_64_131_202501091017\\webdriver.exe', 'containerId': 108860044, 'containerCode': '1096600440', 'statusCode': '0', 'err': '成功(Success)'}}
2025-12-26 17:43:18,246 | INFO | login | 虾皮全托507-lxz - 浏览器启动成功, 调试端口: 55341
2025-12-26 17:43:18,732 | INFO | login | 虾皮全托507-lxz - 已连接浏览器
2025-12-26 17:43:18,732 | INFO | login | 虾皮全托507-lxz - 开始执行登录流程
2025-12-26 17:43:20,796 | INFO | login | 虾皮全托507-lxz - 登录成功
2025-12-26 17:43:20,802 | INFO | login | 虾皮全托507-lxz - cookies 已保存
2025-12-26 17:43:20,803 | INFO | login | 虾皮全托507-lxz - 登录成功（第 1 次）
2025-12-26 17:43:22,010 | INFO | login | --------------------虾皮全托506-kedi ------------------------ 开始登录...
2025-12-26 17:43:22,011 | INFO | login | 虾皮全托506-kedi - 第 1 次登录尝试
2025-12-26 17:43:24,609 | INFO | login | 虾皮全托506-kedi - start_api 返回: {'code': 0, 'msg': 'Success', 'data': {'action': 'startBrowserByCode', 'backgroundPluginId': 'pedgdkkjmpdcakdkghjobapkdjbjcink', 'browserID': 104528451, 'browserPath': 'C:\\Users\\Administrator\\AppData\\Local\\env-kit\\Core\\chrome_64_131_202501091017\\hubstudio', 'debuggingPort': '55486', 'downloadPath': 'C:\\Users\\Administrator\\Desktop\\Hubstudio\\虾皮全托506-kedi', 'duplicate': 2249, 'ip': '121.229.211.102', 'isDynamicIp': False, 'launcherPage': 'about:blank', 'proxyType': 'socks5', 'runMode': 2, 'webdriver': 'C:\\Users\\Administrator\\AppData\\Local\\env-kit\\Core\\chrome_64_131_202501091017\\webdriver.exe', 'containerId': 104528451, 'containerCode': '1053284511', 'statusCode': '0', 'err': '成功(Success)'}}
2025-12-26 17:43:24,609 | INFO | login | 虾皮全托506-kedi - 浏览器启动成功, 调试端口: 55486
2025-12-26 17:43:25,099 | INFO | login | 虾皮全托506-kedi - 已连接浏览器
2025-12-26 17:43:25,099 | INFO | login | 虾皮全托506-kedi - 开始执行登录流程
2025-12-26 17:43:27,369 | INFO | login | 虾皮全托506-kedi - 登录成功
2025-12-26 17:43:27,374 | INFO | login | 虾皮全托506-kedi - cookies 已保存
2025-12-26 17:43:27,374 | INFO | login | 虾皮全托506-kedi - 登录成功（第 1 次）
2025-12-26 17:43:28,235 | INFO | login | --------------------虾皮全托505-qipei ------------------------ 开始登录...
2025-12-26 17:43:28,235 | INFO | login | 虾皮全托505-qipei - 第 1 次登录尝试
2025-12-26 17:43:30,929 | INFO | login | 虾皮全托505-qipei - start_api 返回: {'code': 0, 'msg': 'Success', 'data': {'action': 'startBrowserByCode', 'backgroundPluginId': 'pcmkolanjgohmadghpigmiohpgapigka', 'browserID': 104528378, 'browserPath': 'C:\\Users\\Administrator\\AppData\\Local\\env-kit\\Core\\chrome_64_131_202501091017\\hubstudio', 'debuggingPort': '55627', 'downloadPath': 'C:\\Users\\Administrator\\Desktop\\Hubstudio\\虾皮全托505-qipei', 'duplicate': 2268, 'ip': '124.225.4.69', 'isDynamicIp': False, 'launcherPage': 'about:blank', 'proxyType': 'socks5', 'runMode': 2, 'webdriver': 'C:\\Users\\Administrator\\AppData\\Local\\env-kit\\Core\\chrome_64_131_202501091017\\webdriver.exe', 'containerId': 104528378, 'containerCode': '1053283783', 'statusCode': '0', 'err': '成功(Success)'}}
2025-12-26 17:43:30,930 | INFO | login | 虾皮全托505-qipei - 浏览器启动成功, 调试端口: 55627
2025-12-26 17:43:31,391 | INFO | login | 虾皮全托505-qipei - 已连接浏览器
2025-12-26 17:43:31,391 | INFO | login | 虾皮全托505-qipei - 开始执行登录流程
2025-12-26 17:43:33,379 | INFO | login | 虾皮全托505-qipei - 登录成功
2025-12-26 17:43:33,386 | INFO | login | 虾皮全托505-qipei - cookies 已保存
2025-12-26 17:43:33,386 | INFO | login | 虾皮全托505-qipei - 登录成功（第 1 次）
2025-12-26 17:43:34,346 | INFO | login | --------------------虾皮全托504-huanchuang ------------------------ 开始登录...
2025-12-26 17:43:34,346 | INFO | login | 虾皮全托504-huanchuang - 第 1 次登录尝试
2025-12-26 17:43:37,146 | INFO | login | 虾皮全托504-huanchuang - start_api 返回: {'code': 0, 'msg': 'Success', 'data': {'action': 'startBrowserByCode', 'backgroundPluginId': 'aoonjcndgfpbloialkmmelikgjkgcjhc', 'browserID': 104528281, 'browserPath': 'C:\\Users\\Administrator\\AppData\\Local\\env-kit\\Core\\chrome_64_131_202501091017\\hubstudio', 'debuggingPort': '55769', 'downloadPath': 'C:\\Users\\Administrator\\Desktop\\Hubstudio\\虾皮全托504-huanchuang', 'duplicate': 2471, 'ip': '124.236.76.149', 'isDynamicIp': False, 'launcherPage': 'about:blank', 'proxyType': 'socks5', 'runMode': 2, 'webdriver': 'C:\\Users\\Administrator\\AppData\\Local\\env-kit\\Core\\chrome_64_131_202501091017\\webdriver.exe', 'containerId': 104528281, 'containerCode': '1053282810', 'statusCode': '0', 'err': '成功(Success)'}}
2025-12-26 17:43:37,146 | INFO | login | 虾皮全托504-huanchuang - 浏览器启动成功, 调试端口: 55769
2025-12-26 17:43:37,612 | INFO | login | 虾皮全托504-huanchuang - 已连接浏览器
2025-12-26 17:43:37,612 | INFO | login | 虾皮全托504-huanchuang - 开始执行登录流程
2025-12-26 17:43:43,996 | INFO | login | 虾皮全托504-huanchuang - 登录成功
2025-12-26 17:43:43,999 | INFO | login | 虾皮全托504-huanchuang - cookies 已保存
2025-12-26 17:43:43,999 | INFO | login | 虾皮全托504-huanchuang - 登录成功（第 1 次）
2025-12-26 17:43:44,876 | INFO | login | --------------------虾皮全托503-juyule ------------------------ 开始登录...
2025-12-26 17:43:44,876 | INFO | login | 虾皮全托503-juyule - 第 1 次登录尝试
2025-12-26 17:43:47,956 | INFO | login | 虾皮全托503-juyule - start_api 返回: {'code': 0, 'msg': 'Success', 'data': {'action': 'startBrowserByCode', 'backgroundPluginId': 'gmhikikagcmgieieappffmhackbkdbcb', 'browserID': 104528197, 'browserPath': 'C:\\Users\\Administrator\\AppData\\Local\\env-kit\\Core\\chrome_64_131_202501091017\\hubstudio', 'debuggingPort': '55918', 'downloadPath': 'C:\\Users\\Administrator\\Desktop\\Hubstudio\\虾皮全托503-juyule', 'duplicate': 2681, 'ip': '125.75.68.73', 'isDynamicIp': False, 'launcherPage': 'about:blank', 'proxyType': 'socks5', 'runMode': 2, 'webdriver': 'C:\\Users\\Administrator\\AppData\\Local\\env-kit\\Core\\chrome_64_131_202501091017\\webdriver.exe', 'containerId': 104528197, 'containerCode': '1053281978', 'statusCode': '0', 'err': '成功(Success)'}}
2025-12-26 17:43:47,956 | INFO | login | 虾皮全托503-juyule - 浏览器启动成功, 调试端口: 55918
2025-12-26 17:43:48,438 | INFO | login | 虾皮全托503-juyule - 已连接浏览器
2025-12-26 17:43:48,438 | INFO | login | 虾皮全托503-juyule - 开始执行登录流程
2025-12-26 17:43:52,202 | INFO | login | 虾皮全托503-juyule - 登录成功
2025-12-26 17:43:52,208 | INFO | login | 虾皮全托503-juyule - cookies 已保存
2025-12-26 17:43:52,208 | INFO | login | 虾皮全托503-juyule - 登录成功（第 1 次）
2025-12-26 17:43:53,224 | INFO | login | --------------------虾皮全托502-xiyue ------------------------ 开始登录...
2025-12-26 17:43:53,225 | INFO | login | 虾皮全托502-xiyue - 第 1 次登录尝试
2025-12-26 17:43:56,583 | INFO | login | 虾皮全托502-xiyue - start_api 返回: {'code': 0, 'msg': 'Success', 'data': {'action': 'startBrowserByCode', 'backgroundPluginId': 'ijfofbfphhjjjdiienoijepmeocgkian', 'browserID': 104527952, 'browserPath': 'C:\\Users\\Administrator\\AppData\\Local\\env-kit\\Core\\chrome_64_131_202501091017\\hubstudio', 'debuggingPort': '56086', 'downloadPath': 'C:\\Users\\Administrator\\Desktop\\Hubstudio\\虾皮全托502-xiyue', 'duplicate': 2903, 'ip': '118.253.177.190', 'isDynamicIp': False, 'launcherPage': 'about:blank', 'proxyType': 'socks5', 'runMode': 2, 'webdriver': 'C:\\Users\\Administrator\\AppData\\Local\\env-kit\\Core\\chrome_64_131_202501091017\\webdriver.exe', 'containerId': 104527952, 'containerCode': '1053279526', 'statusCode': '0', 'err': '成功(Success)'}}
2025-12-26 17:43:56,584 | INFO | login | 虾皮全托502-xiyue - 浏览器启动成功, 调试端口: 56086
2025-12-26 17:43:57,045 | INFO | login | 虾皮全托502-xiyue - 已连接浏览器
2025-12-26 17:43:57,046 | INFO | login | 虾皮全托502-xiyue - 开始执行登录流程
2025-12-26 17:44:01,605 | INFO | login | 虾皮全托502-xiyue - 登录成功
2025-12-26 17:44:01,611 | INFO | login | 虾皮全托502-xiyue - cookies 已保存
2025-12-26 17:44:01,611 | INFO | login | 虾皮全托502-xiyue - 登录成功（第 1 次）
2025-12-26 17:44:02,584 | INFO | login | --------------------虾皮全托501-quzhi ------------------------ 开始登录...
2025-12-26 17:44:02,584 | INFO | login | 虾皮全托501-quzhi - 第 1 次登录尝试
2025-12-26 17:44:05,476 | INFO | login | 虾皮全托501-quzhi - start_api 返回: {'code': 0, 'msg': 'Success', 'data': {'action': 'startBrowserByCode', 'backgroundPluginId': 'oklmjppbpmckbjggcecnpchohooaeijk', 'browserID': 104527833, 'browserPath': 'C:\\Users\\Administrator\\AppData\\Local\\env-kit\\Core\\chrome_64_131_202501091017\\hubstudio', 'debuggingPort': '56252', 'downloadPath': 'C:\\Users\\Administrator\\Desktop\\Hubstudio\\虾皮全托501-quzhi', 'duplicate': 2531, 'ip': '218.78.129.68', 'isDynamicIp': False, 'launcherPage': 'about:blank', 'proxyType': 'socks5', 'runMode': 2, 'webdriver': 'C:\\Users\\Administrator\\AppData\\Local\\env-kit\\Core\\chrome_64_131_202501091017\\webdriver.exe', 'containerId': 104527833, 'containerCode': '1053278336', 'statusCode': '0', 'err': '成功(Success)'}}
2025-12-26 17:44:05,476 | INFO | login | 虾皮全托501-quzhi - 浏览器启动成功, 调试端口: 56252
2025-12-26 17:44:05,978 | INFO | login | 虾皮全托501-quzhi - 已连接浏览器
2025-12-26 17:44:05,979 | INFO | login | 虾皮全托501-quzhi - 开始执行登录流程
2025-12-26 17:44:09,220 | INFO | login | 虾皮全托501-quzhi - 登录成功
2025-12-26 17:44:09,226 | INFO | login | 虾皮全托501-quzhi - cookies 已保存
2025-12-26 17:44:09,226 | INFO | login | 虾皮全托501-quzhi - 登录成功（第 1 次）
2025-12-26 18:06:03,283 | INFO | login | --------------------虾皮全托1501店 ------------------------ 开始登录...
2025-12-26 18:06:03,283 | INFO | login | 虾皮全托1501店 - 第 1 次登录尝试
2025-12-26 18:06:06,545 | INFO | login | 虾皮全托1501店 - start_api 返回: {'code': 0, 'msg': 'Success', 'data': {'action': 'startBrowserByCode', 'backgroundPluginId': 'pgkoffidhfmenggbfomgpodhhpilbknm', 'browserID': 122456509, 'browserPath': 'C:\\Users\\Administrator\\AppData\\Local\\env-kit\\Core\\chrome_64_131_202501091017\\hubstudio', 'debuggingPort': '58296', 'downloadPath': 'C:\\Users\\Administrator\\Desktop\\Hubstudio\\虾皮全托1501店', 'duplicate': 2730, 'ip': '1.194.218.235', 'isDynamicIp': False, 'launcherPage': 'about:blank', 'proxyType': 'socks5', 'runMode': 2, 'webdriver': 'C:\\Users\\Administrator\\AppData\\Local\\env-kit\\Core\\chrome_64_131_202501091017\\webdriver.exe', 'containerId': 122456509, 'containerCode': '1232565093', 'statusCode': '0', 'err': '成功(Success)'}}
2025-12-26 18:06:06,545 | INFO | login | 虾皮全托1501店 - 浏览器启动成功, 调试端口: 58296
2025-12-26 18:06:07,028 | INFO | login | 虾皮全托1501店 - 已连接浏览器
2025-12-26 18:06:07,029 | INFO | login | 虾皮全托1501店 - 开始执行登录流程
2025-12-26 18:06:10,026 | INFO | login | 虾皮全托1501店 - 登录成功
2025-12-26 18:06:10,033 | INFO | login | 虾皮全托1501店 - cookies 已保存
2025-12-26 18:06:10,033 | INFO | login | 虾皮全托1501店 - 登录成功（第 1 次）
2025-12-26 18:06:12,994 | INFO | login | --------------------虾皮全托507-lxz ------------------------ 开始登录...
2025-12-26 18:06:12,994 | INFO | login | 虾皮全托507-lxz - 第 1 次登录尝试
2025-12-26 18:06:15,421 | INFO | login | 虾皮全托507-lxz - start_api 返回: {'code': 0, 'msg': 'Success', 'data': {'action': 'startBrowserByCode', 'backgroundPluginId': 'enkjhdholabjjpcmgflmepmjadljbbai', 'browserID': 108860044, 'browserPath': 'C:\\Users\\Administrator\\AppData\\Local\\env-kit\\Core\\chrome_64_131_202501091017\\hubstudio', 'debuggingPort': '58490', 'downloadPath': 'C:\\Users\\Administrator\\Desktop\\Hubstudio\\虾皮全托507-lxz', 'duplicate': 2159, 'ip': '111.172.230.181', 'isDynamicIp': False, 'launcherPage': 'about:blank', 'proxyType': 'socks5', 'runMode': 2, 'webdriver': 'C:\\Users\\Administrator\\AppData\\Local\\env-kit\\Core\\chrome_64_131_202501091017\\webdriver.exe', 'containerId': 108860044, 'containerCode': '1096600440', 'statusCode': '0', 'err': '成功(Success)'}}
2025-12-26 18:06:15,421 | INFO | login | 虾皮全托507-lxz - 浏览器启动成功, 调试端口: 58490
2025-12-26 18:06:15,912 | INFO | login | 虾皮全托507-lxz - 已连接浏览器
2025-12-26 18:06:15,912 | INFO | login | 虾皮全托507-lxz - 开始执行登录流程
2025-12-26 18:06:18,428 | INFO | login | 虾皮全托507-lxz - 登录成功
2025-12-26 18:06:18,433 | INFO | login | 虾皮全托507-lxz - cookies 已保存
2025-12-26 18:06:18,433 | INFO | login | 虾皮全托507-lxz - 登录成功（第 1 次）
2025-12-26 18:06:20,055 | INFO | login | --------------------虾皮全托506-kedi ------------------------ 开始登录...
2025-12-26 18:06:20,055 | INFO | login | 虾皮全托506-kedi - 第 1 次登录尝试
2025-12-26 18:06:22,697 | INFO | login | 虾皮全托506-kedi - start_api 返回: {'code': 0, 'msg': 'Success', 'data': {'action': 'startBrowserByCode', 'backgroundPluginId': 'pedgdkkjmpdcakdkghjobapkdjbjcink', 'browserID': 104528451, 'browserPath': 'C:\\Users\\Administrator\\AppData\\Local\\env-kit\\Core\\chrome_64_131_202501091017\\hubstudio', 'debuggingPort': '58639', 'downloadPath': 'C:\\Users\\Administrator\\Desktop\\Hubstudio\\虾皮全托506-kedi', 'duplicate': 2285, 'ip': '121.229.211.102', 'isDynamicIp': False, 'launcherPage': 'about:blank', 'proxyType': 'socks5', 'runMode': 2, 'webdriver': 'C:\\Users\\Administrator\\AppData\\Local\\env-kit\\Core\\chrome_64_131_202501091017\\webdriver.exe', 'containerId': 104528451, 'containerCode': '1053284511', 'statusCode': '0', 'err': '成功(Success)'}}
2025-12-26 18:06:22,697 | INFO | login | 虾皮全托506-kedi - 浏览器启动成功, 调试端口: 58639
2025-12-26 18:06:23,170 | INFO | login | 虾皮全托506-kedi - 已连接浏览器
2025-12-26 18:06:23,170 | INFO | login | 虾皮全托506-kedi - 开始执行登录流程
2025-12-26 18:06:27,313 | INFO | login | 虾皮全托506-kedi - 登录成功
2025-12-26 18:06:27,319 | INFO | login | 虾皮全托506-kedi - cookies 已保存
2025-12-26 18:06:27,319 | INFO | login | 虾皮全托506-kedi - 登录成功（第 1 次）
2025-12-26 18:06:30,322 | INFO | login | --------------------虾皮全托505-qipei ------------------------ 开始登录...
2025-12-26 18:06:30,322 | INFO | login | 虾皮全托505-qipei - 第 1 次登录尝试
2025-12-26 18:12:54,192 | INFO | login | --------------------虾皮全托505-qipei ------------------------ 开始登录...
2025-12-26 18:12:54,192 | INFO | login | 虾皮全托505-qipei - 第 1 次登录尝试
2025-12-26 18:12:57,507 | INFO | login | 虾皮全托505-qipei - start_api 返回: {'code': 0, 'msg': 'Success', 'data': {'action': 'startBrowserByCode', 'backgroundPluginId': 'pcmkolanjgohmadghpigmiohpgapigka', 'browserID': 104528378, 'browserPath': 'C:\\Users\\Administrator\\AppData\\Local\\env-kit\\Core\\chrome_64_131_202501091017\\hubstudio', 'debuggingPort': '59260', 'downloadPath': 'C:\\Users\\Administrator\\Desktop\\Hubstudio\\虾皮全托505-qipei', 'duplicate': 2773, 'ip': '124.225.4.69', 'isDynamicIp': False, 'launcherPage': 'about:blank', 'proxyType': 'socks5', 'runMode': 2, 'webdriver': 'C:\\Users\\Administrator\\AppData\\Local\\env-kit\\Core\\chrome_64_131_202501091017\\webdriver.exe', 'containerId': 104528378, 'containerCode': '1053283783', 'statusCode': '0', 'err': '成功(Success)'}}
2025-12-26 18:12:57,507 | INFO | login | 虾皮全托505-qipei - 浏览器启动成功, 调试端口: 59260
2025-12-26 18:12:58,008 | INFO | login | 虾皮全托505-qipei - 已连接浏览器
2025-12-26 18:12:58,008 | INFO | login | 虾皮全托505-qipei - 开始执行登录流程
2025-12-26 18:12:59,993 | INFO | login | 虾皮全托505-qipei - 登录成功
2025-12-26 18:13:00,000 | INFO | login | 虾皮全托505-qipei - cookies 已保存
2025-12-26 18:13:00,000 | INFO | login | 虾皮全托505-qipei - 登录成功（第 1 次）
2025-12-26 18:13:03,515 | INFO | login | --------------------虾皮全托504-huanchuang ------------------------ 开始登录...
2025-12-26 18:13:03,516 | INFO | login | 虾皮全托504-huanchuang - 第 1 次登录尝试
2025-12-26 18:13:06,366 | INFO | login | 虾皮全托504-huanchuang - start_api 返回: {'code': 0, 'msg': 'Success', 'data': {'action': 'startBrowserByCode', 'backgroundPluginId': 'aoonjcndgfpbloialkmmelikgjkgcjhc', 'browserID': 104528281, 'browserPath': 'C:\\Users\\Administrator\\AppData\\Local\\env-kit\\Core\\chrome_64_131_202501091017\\hubstudio', 'debuggingPort': '59424', 'downloadPath': 'C:\\Users\\Administrator\\Desktop\\Hubstudio\\虾皮全托504-huanchuang', 'duplicate': 2458, 'ip': '124.236.76.149', 'isDynamicIp': False, 'launcherPage': 'about:blank', 'proxyType': 'socks5', 'runMode': 2, 'webdriver': 'C:\\Users\\Administrator\\AppData\\Local\\env-kit\\Core\\chrome_64_131_202501091017\\webdriver.exe', 'containerId': 104528281, 'containerCode': '1053282810', 'statusCode': '0', 'err': '成功(Success)'}}
2025-12-26 18:13:06,366 | INFO | login | 虾皮全托504-huanchuang - 浏览器启动成功, 调试端口: 59424
2025-12-26 18:13:06,848 | INFO | login | 虾皮全托504-huanchuang - 已连接浏览器
2025-12-26 18:13:06,848 | INFO | login | 虾皮全托504-huanchuang - 开始执行登录流程
2025-12-26 18:13:10,091 | INFO | login | 虾皮全托504-huanchuang - 登录成功
2025-12-26 18:13:10,099 | INFO | login | 虾皮全托504-huanchuang - cookies 已保存
2025-12-26 18:13:10,099 | INFO | login | 虾皮全托504-huanchuang - 登录成功（第 1 次）
2025-12-26 18:13:11,650 | INFO | login | --------------------虾皮全托503-juyule ------------------------ 开始登录...
2025-12-26 18:13:11,651 | INFO | login | 虾皮全托503-juyule - 第 1 次登录尝试
2025-12-26 18:13:14,236 | INFO | login | 虾皮全托503-juyule - start_api 返回: {'code': 0, 'msg': 'Success', 'data': {'action': 'startBrowserByCode', 'backgroundPluginId': 'gmhikikagcmgieieappffmhackbkdbcb', 'browserID': 104528197, 'browserPath': 'C:\\Users\\Administrator\\AppData\\Local\\env-kit\\Core\\chrome_64_131_202501091017\\hubstudio', 'debuggingPort': '59575', 'downloadPath': 'C:\\Users\\Administrator\\Desktop\\Hubstudio\\虾皮全托503-juyule', 'duplicate': 2186, 'ip': '125.75.68.73', 'isDynamicIp': False, 'launcherPage': 'about:blank', 'proxyType': 'socks5', 'runMode': 2, 'webdriver': 'C:\\Users\\Administrator\\AppData\\Local\\env-kit\\Core\\chrome_64_131_202501091017\\webdriver.exe', 'containerId': 104528197, 'containerCode': '1053281978', 'statusCode': '0', 'err': '成功(Success)'}}
2025-12-26 18:13:14,236 | INFO | login | 虾皮全托503-juyule - 浏览器启动成功, 调试端口: 59575
2025-12-26 18:13:14,758 | INFO | login | 虾皮全托503-juyule - 已连接浏览器
2025-12-26 18:13:14,758 | INFO | login | 虾皮全托503-juyule - 开始执行登录流程
2025-12-26 18:13:17,530 | INFO | login | 虾皮全托503-juyule - 登录成功
2025-12-26 18:13:17,535 | INFO | login | 虾皮全托503-juyule - cookies 已保存
2025-12-26 18:13:17,535 | INFO | login | 虾皮全托503-juyule - 登录成功（第 1 次）
2025-12-26 18:13:21,402 | INFO | login | --------------------虾皮全托502-xiyue ------------------------ 开始登录...
2025-12-26 18:13:21,402 | INFO | login | 虾皮全托502-xiyue - 第 1 次登录尝试
2025-12-26 18:13:24,592 | INFO | login | 虾皮全托502-xiyue - start_api 返回: {'code': 0, 'msg': 'Success', 'data': {'action': 'startBrowserByCode', 'backgroundPluginId': 'ijfofbfphhjjjdiienoijepmeocgkian', 'browserID': 104527952, 'browserPath': 'C:\\Users\\Administrator\\AppData\\Local\\env-kit\\Core\\chrome_64_131_202501091017\\hubstudio', 'debuggingPort': '59721', 'downloadPath': 'C:\\Users\\Administrator\\Desktop\\Hubstudio\\虾皮全托502-xiyue', 'duplicate': 2786, 'ip': '118.253.177.190', 'isDynamicIp': False, 'launcherPage': 'about:blank', 'proxyType': 'socks5', 'runMode': 2, 'webdriver': 'C:\\Users\\Administrator\\AppData\\Local\\env-kit\\Core\\chrome_64_131_202501091017\\webdriver.exe', 'containerId': 104527952, 'containerCode': '1053279526', 'statusCode': '0', 'err': '成功(Success)'}}
2025-12-26 18:13:24,592 | INFO | login | 虾皮全托502-xiyue - 浏览器启动成功, 调试端口: 59721
2025-12-26 18:13:25,073 | INFO | login | 虾皮全托502-xiyue - 已连接浏览器
2025-12-26 18:13:25,073 | INFO | login | 虾皮全托502-xiyue - 开始执行登录流程
2025-12-26 18:13:28,147 | INFO | login | 虾皮全托502-xiyue - 登录成功
2025-12-26 18:13:28,154 | INFO | login | 虾皮全托502-xiyue - cookies 已保存
2025-12-26 18:13:28,154 | INFO | login | 虾皮全托502-xiyue - 登录成功（第 1 次）
2025-12-26 18:13:59,390 | INFO | login | --------------------虾皮全托501-quzhi ------------------------ 开始登录...
2025-12-26 18:13:59,390 | INFO | login | 虾皮全托501-quzhi - 第 1 次登录尝试
2025-12-26 18:13:59,859 | INFO | login | 虾皮全托501-quzhi - start_api 返回: {'code': 0, 'msg': 'Success', 'data': {'action': 'startBrowserByCode', 'backgroundPluginId': 'oklmjppbpmckbjggcecnpchohooaeijk', 'browserID': 104527833, 'browserPath': 'C:\\Users\\Administrator\\AppData\\Local\\env-kit\\Core\\chrome_64_131_202501091017\\hubstudio', 'debuggingPort': '56415', 'downloadPath': 'C:\\Users\\Administrator\\Desktop\\Hubstudio\\虾皮全托501-quzhi', 'duplicate': 1735477, 'ip': '218.78.129.68', 'isDynamicIp': False, 'launcherPage': 'about:blank', 'proxyType': 'socks5', 'runMode': 2, 'webdriver': 'C:\\Users\\Administrator\\AppData\\Local\\env-kit\\Core\\chrome_64_131_202501091017\\webdriver.exe', 'containerId': 104527833, 'containerCode': '1053278336', 'statusCode': '0', 'err': '成功(Success)'}}
2025-12-26 18:13:59,859 | INFO | login | 虾皮全托501-quzhi - 浏览器启动成功, 调试端口: 56415
2025-12-26 18:14:00,265 | INFO | login | 虾皮全托501-quzhi - 已连接浏览器
2025-12-26 18:14:00,265 | INFO | login | 虾皮全托501-quzhi - 开始执行登录流程
2025-12-26 18:14:24,140 | ERROR | login | 虾皮全托501-quzhi - 第 1 次失败: Timeout 20000ms exceeded.
=========================== logs ===========================
waiting for navigation to "**/home/**" until 'load'
  navigated to "https://seller.scs.shopee.cn/inventory/current-inventory-list"
============================================================
Traceback (most recent call last):
  File "D:\sd14\Shopee\modules\login.py", line 175, in run
    result = await self.run_once()
  File "D:\sd14\Shopee\modules\login.py", line 160, in run_once
    if not await self.login():
  File "D:\sd14\Shopee\modules\login.py", line 118, in login
    await self.page.wait_for_url(
  File "C:\ProgramData\anaconda3\envs\spider310\lib\site-packages\playwright\async_api\_generated.py", line 9133, in wait_for_url
    await self._impl_obj.wait_for_url(
  File "C:\ProgramData\anaconda3\envs\spider310\lib\site-packages\playwright\_impl\_page.py", line 583, in wait_for_url
    return await self._main_frame.wait_for_url(**locals_to_params(locals()))
  File "C:\ProgramData\anaconda3\envs\spider310\lib\site-packages\playwright\_impl\_frame.py", line 263, in wait_for_url
    async with self.expect_navigation(
  File "C:\ProgramData\anaconda3\envs\spider310\lib\site-packages\playwright\_impl\_event_context_manager.py", line 33, in __aexit__
    await self._future
  File "C:\ProgramData\anaconda3\envs\spider310\lib\site-packages\playwright\_impl\_frame.py", line 239, in continuation
    event = await waiter.result()
playwright._impl._errors.TimeoutError: Timeout 20000ms exceeded.
=========================== logs ===========================
waiting for navigation to "**/home/**" until 'load'
  navigated to "https://seller.scs.shopee.cn/inventory/current-inventory-list"
============================================================
2025-12-26 18:14:25,472 | ERROR | login | 虾皮全托501-quzhi - 登录失败，已达到最大重试次数 1
2025-12-26 18:14:27,486 | INFO | login | --------------------虾皮全托501-quzhi ------------------------ 开始登录...
2025-12-26 18:14:27,487 | INFO | login | 虾皮全托501-quzhi - 第 1 次登录尝试
2025-12-26 18:14:30,234 | INFO | login | 虾皮全托501-quzhi - start_api 返回: {'code': 0, 'msg': 'Success', 'data': {'action': 'startBrowserByCode', 'backgroundPluginId': 'oklmjppbpmckbjggcecnpchohooaeijk', 'browserID': 104527833, 'browserPath': 'C:\\Users\\Administrator\\AppData\\Local\\env-kit\\Core\\chrome_64_131_202501091017\\hubstudio', 'debuggingPort': '60092', 'downloadPath': 'C:\\Users\\Administrator\\Desktop\\Hubstudio\\虾皮全托501-quzhi', 'duplicate': 2392, 'ip': '218.78.129.68', 'isDynamicIp': False, 'launcherPage': 'about:blank', 'proxyType': 'socks5', 'runMode': 2, 'webdriver': 'C:\\Users\\Administrator\\AppData\\Local\\env-kit\\Core\\chrome_64_131_202501091017\\webdriver.exe', 'containerId': 104527833, 'containerCode': '1053278336', 'statusCode': '0', 'err': '成功(Success)'}}
2025-12-26 18:14:30,235 | INFO | login | 虾皮全托501-quzhi - 浏览器启动成功, 调试端口: 60092
2025-12-26 18:14:30,732 | INFO | login | 虾皮全托501-quzhi - 已连接浏览器
2025-12-26 18:14:30,732 | INFO | login | 虾皮全托501-quzhi - 开始执行登录流程
2025-12-26 18:14:33,012 | INFO | login | 虾皮全托501-quzhi - 登录成功
2025-12-26 18:14:33,018 | INFO | login | 虾皮全托501-quzhi - cookies 已保存
2025-12-26 18:14:33,018 | INFO | login | 虾皮全托501-quzhi - 登录成功（第 1 次）
